2024-04-23 12:01:22 - INFO - Server started successfully.
2024-04-23 12:05:17 - ERROR - Database connection failed.
2024-04-23 12:10:45 - WARNING - Disk space running low.
2024-04-23 12:15:33 - INFO - User logged in successfully.
2024-04-23 12:20:11 - ERROR - Failed to fetch data from API.
2024-04-23 12:25:09 - ERROR - HTTP 404 - Page not found.
2024-04-23 12:30:55 - INFO - Data backup completed.
2024-04-23 12:35:41 - ERROR - Authentication failed for user.
2024-04-23 12:40:29 - WARNING - CPU temperature high.
2024-04-23 12:45:16 - INFO - Server restarted.
2024-04-23 12:50:03 - ERROR - Database query timeout.
2024-04-23 12:55:01 - INFO - New user registered.
2024-04-23 13:00:20 - ERROR - HTTP 500 - Internal Server Error.
2024-04-23 13:05:18 - WARNING - Disk space critically low.
2024-04-23 13:10:06 - INFO - Server update installed.
2024-04-23 13:15:13 - ERROR - Failed to send email.
2024-04-23 13:20:29 - INFO - Data synchronization completed.
2024-04-23 13:25:44 - ERROR - HTTP 403 - Forbidden.
2024-04-23 13:30:51 - WARNING - Network connection unstable.
2024-04-23 13:35:37 - INFO - Server configuration saved.
2024-04-23 13:40:22 - ERROR - Disk write error.
2024-04-23 13:45:08 - INFO - User session expired.
2024-04-23 13:50:15 - ERROR - Database deadlock detected.
2024-04-23 13:55:29 - INFO - Server performance optimization completed.
2024-04-23 14:00:36 - WARNING - Memory usage high.
2024-04-23 14:05:41 - ERROR - HTTP 502 - Bad Gateway.
2024-04-23 14:10:58 - INFO - Scheduled tasks executed.
2024-04-23 14:15:22 - ERROR - Invalid input received.
2024-04-23 14:20:47 - WARNING - Server disk space nearly full.
2024-04-23 14:25:59 - INFO - Server backup initiated.
2024-04-23 14:30:13 - ERROR - HTTP 401 - Unauthorized.
2024-04-23 14:35:26 - INFO - User profile updated.
2024-04-23 14:40:31 - WARNING - Disk I/O error.
2024-04-23 14:45:44 - ERROR - Failed to connect to external service.
2024-04-23 14:50:57 - INFO - Server maintenance started.
2024-04-23 14:55:09 - ERROR - Database corruption detected.
2024-04-23 15:00:22 - INFO - Server maintenance completed.
2024-04-23 15:05:34 - ERROR - HTTP 504 - Gateway Timeout.
2024-04-23 15:10:47 - WARNING - Server load high.
2024-04-23 15:15:59 - INFO - Database backup completed.
2024-04-23 15:20:11 - ERROR - Insufficient permissions.
2024-04-23 15:25:23 - WARNING - Server security alert.
2024-04-23 15:30:35 - INFO - Server restarted.
2024-04-23 15:35:47 - ERROR - HTTP 503 - Service Unavailable.
2024-04-23 15:40:59 - WARNING - Server disk space critically low.
2024-04-23 15:45:11 - INFO - User session started.
2024-04-23 15:50:23 - ERROR - Database connection lost.
2024-04-23 15:55:35 - INFO - Server configuration updated.
2024-04-23 16:00:47 - ERROR - HTTP 400 - Bad Request.
2024-04-23 16:05:59 - WARNING - Network latency high.
2024-04-23 16:10:11 - INFO - User logged out.
2024-04-23 16:15:23 - ERROR - Disk space exhausted.
2024-04-23 16:20:35 - WARNING - Server memory usage critical.
2024-04-23 16:25:47 - INFO - Server rebooted.
2024-04-23 16:30:59 - ERROR - Database connection error.
2024-04-23 16:35:11 - WARNING - Server disk space full.
2024-04-23 16:40:23 - INFO - Server status check completed.
2024-04-23 16:45:35 - ERROR - HTTP 429 - Too Many Requests.
2024-04-23 16:50:47 - WARNING - Server security breach detected.
2024-04-23 16:55:59 - INFO - Server logs archived.
2024-04-23 17:00:11 - ERROR - Out of memory error.
2024-04-23 17:05:23 - WARNING - Server response time slow.
2024-04-23 17:10:35 - INFO - Server upgrade initiated.
2024-04-23 17:15:47 - ERROR - Database table corruption.
2024-04-23 17:20:59 - WARNING - Server temperature critical.
2024-04-23 17:25:11 - INFO - Server upgrade completed.
2024-04-23 17:30:23 - ERROR - HTTP 413 - Request Entity Too Large.
2024-04-23 17:35:35 - WARNING - Server disk space dangerously low.
2024-04-23 17:40:47 - INFO - User profile created.
2024-04-23 17:45:59 - ERROR - Server crash detected.
2024-04-23 17:50:11 - WARNING - Server power supply failure.
2024-04-23 17:55:23 - INFO - Server backup restored.
2024-04-23 18:00:35 - ERROR - HTTP 415 - Unsupported Media Type.
2024-04-23 18:05:47 - WARNING - Server hardware failure.
2024-04-23 18:10:59 - INFO - Server load balanced.
2024-04-23 18:15:11 - ERROR - Failed to parse request.
2024-04-23 18:20:23 - WARNING - Server network congestion.
2024-04-23 18:25:35 - INFO - Server performance monitoring started.
2024-04-23 18:30:47 - ERROR - HTTP 408 - Request Timeout.
2024-04-23 18:35:59 - WARNING - Server disk space usage exceeded threshold.
2024-04-23 18:40:11 - INFO - User account deleted.
2024-04-23 18:45:23 - ERROR - Database query syntax error.
2024-04-23 18:50:35 - WARNING - Server security patch required.
2024-04-23 18:55:47 - INFO - Server diagnostics initiated.
2024-04-23 19:00:59 - ERROR - HTTP 415 - Unsupported Media Type.
2024-04-23 19:05:11 - WARNING - Server SSL certificate expired.
2024-04-23 19:10:23 - INFO - Server performance optimization in progress.
2024-04-23 19:15:35 - ERROR - Database connection pool exhausted.
2024-04-23 19:20:47 - WARNING - Server software update available.
2024-04-23 19:25:59 - INFO - Server backup scheduled.
2024-04-23 19:30:11 - ERROR - HTTP 502 - Bad Gateway.
2024-04-23 19:35:23 - WARNING - Server running on low memory.
2024-04-23 19:40:35 - INFO - User account activated.
2024-04-23 19:45:47 - ERROR - Disk read error.
2024-04-23 19:50:59 - WARNING - Server network interface down.
2024-04-23 19:55:11 - INFO - Server load optimized.
2024-04-23 20:00:23 - ERROR - HTTP 503 - Service Unavailable.
2024-04-23 20:05:35 - WARNING - Server backup incomplete.
2024-04-23 20:10:47 - INFO - User password reset.
2024-04-23 20:15:59 - ERROR - Database connection refused.
2024-04-23 20:20:11 - WARNING - Server security compromised.
2024-04-23 20:25:23 - INFO - Server maintenance mode activated.
2024-04-23 20:30:35 - ERROR - HTTP 404 - Not Found.
2024-04-23 20:35:47 - WARNING - Server memory leak detected.
2024-04-23 20:40:59 - INFO - User profile deleted.
2024-04-23 20:45:11 - ERROR - Disk write failure.
2024-04-23 20:50:23 - WARNING - Server clock out of sync.
2024-04-23 20:55:35 - INFO - Server firewall rules updated.
2024-04-23 21:00:47 - ERROR - HTTP 500 - Internal Server Error.
2024-04-23 21:05:59 - WARNING - Server backup corrupted.
2024-04-23 21:10:11 - INFO - Server performance analysis completed.
2024-04-23 21:15:23 - ERROR - Database connection reset.
2024-04-23 21:20:35 - WARNING - Server under DDoS attack.
2024-04-23 21:25:47 - INFO - Server service restarted.
2024-04-23 21:30:59 - ERROR - HTTP 403 - Forbidden.
2024-04-23 21:35:11 - WARNING - Server SSL handshake failure.
2024-04-23 21:40:23 - INFO - User permissions updated.
2024-04-23 21:45:35 - ERROR - Disk space allocation error.
2024-04-23 21:50:47 - WARNING - Server hardware malfunction.
2024-04-23 21:55:59 - INFO - Server status report generated.
2024-04-23 22:00:11 - ERROR - HTTP 504 - Gateway Timeout.
2024-04-23 22:05:23 - WARNING - Server disk RAID degraded.
2024-04-23 22:10:35 - INFO - User session expired.
2024-04-23 22:15:47 - ERROR - Database deadlock detected.
2024-04-23 22:20:59 - WARNING - Server load balancing failure.
2024-04-23 22:25:11 - INFO - Server configuration backup completed.
2024-04-23 22:30:23 - ERROR - HTTP 401 - Unauthorized.
2024-04-23 22:35:35 - WARNING - Network congestion detected.
2024-04-23 22:40:47 - INFO - User profile updated.
2024-04-23 22:45:59 - ERROR - Disk I/O error.
2024-04-23 22:50:11 - WARNING - Server disk space critically low.
2024-04-23 22:55:23 - INFO - Server backup initiated.
2024-04-23 23:00:35 - ERROR - HTTP 429 - Too Many Requests.
2024-04-23 23:05:47 - WARNING - Server security breach detected.
2024-04-23 23:10:59 - INFO - Server logs archived.
2024-04-23 23:15:11 - ERROR - Out of memory error.
2024-04-23 23:20:23 - WARNING - Server response time slow.
2024-04-23 23:25:35 - INFO - Server update initiated.
2024-04-23 23:30:47 - ERROR - HTTP 408 - Request Timeout.
2024-04-23 23:35:59 - WARNING - Server disk space usage exceeded threshold.
2024-04-23 23:40:11 - INFO - User account deleted.
2024-04-23 23:45:23 - ERROR - Database query syntax error.
2024-04-23 23:50:35 - WARNING - Server security patch required.
2024-04-23 23:55:47 - INFO - Server diagnostics initiated.
